C:\USERS\ADESIRAJU\DOCUMENTS\VISUAL STUDIO 2012\PROJECTS\K_SHORTEST_PATH\K_SHORTEST_PATH\DEBUG\K_SHORTEST_PATH.PCH
C:\USERS\ADESIRAJU\DOCUMENTS\VISUAL STUDIO 2012\PROJECTS\K_SHORTEST_PATH\K_SHORTEST_PATH\DEBUG\STDAFX.OBJ
C:\USERS\ADESIRAJU\DOCUMENTS\VISUAL STUDIO 2012\PROJECTS\K_SHORTEST_PATH\K_SHORTEST_PATH\DEBUG\VC110.PDB
C:\USERS\ADESIRAJU\DOCUMENTS\VISUAL STUDIO 2012\PROJECTS\K_SHORTEST_PATH\K_SHORTEST_PATH\DEBUG\K_SHORTEST_PATH.OBJ
C:\USERS\ADESIRAJU\DOCUMENTS\VISUAL STUDIO 2012\PROJECTS\K_SHORTEST_PATH\DEBUG\K_SHORTEST_PATH.ILK
C:\USERS\ADESIRAJU\DOCUMENTS\VISUAL STUDIO 2012\PROJECTS\K_SHORTEST_PATH\DEBUG\K_SHORTEST_PATH.EXE
C:\USERS\ADESIRAJU\DOCUMENTS\VISUAL STUDIO 2012\PROJECTS\K_SHORTEST_PATH\DEBUG\K_SHORTEST_PATH.PDB
c:\Users\adesiraju\documents\visual studio 2012\Projects\K_shortest_path\K_shortest_path\Debug\K_shortest_path.obj
c:\Users\adesiraju\documents\visual studio 2012\Projects\K_shortest_path\K_shortest_path\Debug\stdafx.obj
c:\Users\adesiraju\documents\visual studio 2012\Projects\K_shortest_path\K_shortest_path\Debug\cl.command.1.tlog
c:\Users\adesiraju\documents\visual studio 2012\Projects\K_shortest_path\K_shortest_path\Debug\CL.read.1.tlog
c:\Users\adesiraju\documents\visual studio 2012\Projects\K_shortest_path\K_shortest_path\Debug\CL.write.1.tlog
c:\Users\adesiraju\documents\visual studio 2012\Projects\K_shortest_path\K_shortest_path\Debug\link-cvtres.read.1.tlog
c:\Users\adesiraju\documents\visual studio 2012\Projects\K_shortest_path\K_shortest_path\Debug\link-cvtres.write.1.tlog
c:\Users\adesiraju\documents\visual studio 2012\Projects\K_shortest_path\K_shortest_path\Debug\link-rc.read.1.tlog
c:\Users\adesiraju\documents\visual studio 2012\Projects\K_shortest_path\K_shortest_path\Debug\link-rc.write.1.tlog
c:\Users\adesiraju\documents\visual studio 2012\Projects\K_shortest_path\K_shortest_path\Debug\link.12384-cvtres.read.1.tlog
c:\Users\adesiraju\documents\visual studio 2012\Projects\K_shortest_path\K_shortest_path\Debug\link.12384-cvtres.write.1.tlog
c:\Users\adesiraju\documents\visual studio 2012\Projects\K_shortest_path\K_shortest_path\Debug\link.12384-rc.read.1.tlog
c:\Users\adesiraju\documents\visual studio 2012\Projects\K_shortest_path\K_shortest_path\Debug\link.12384-rc.write.1.tlog
c:\Users\adesiraju\documents\visual studio 2012\Projects\K_shortest_path\K_shortest_path\Debug\link.12384.read.1.tlog
c:\Users\adesiraju\documents\visual studio 2012\Projects\K_shortest_path\K_shortest_path\Debug\link.12384.write.1.tlog
c:\Users\adesiraju\documents\visual studio 2012\Projects\K_shortest_path\K_shortest_path\Debug\link.13916-cvtres.read.1.tlog
c:\Users\adesiraju\documents\visual studio 2012\Projects\K_shortest_path\K_shortest_path\Debug\link.13916-cvtres.write.1.tlog
c:\Users\adesiraju\documents\visual studio 2012\Projects\K_shortest_path\K_shortest_path\Debug\link.13916-rc.read.1.tlog
c:\Users\adesiraju\documents\visual studio 2012\Projects\K_shortest_path\K_shortest_path\Debug\link.13916-rc.write.1.tlog
c:\Users\adesiraju\documents\visual studio 2012\Projects\K_shortest_path\K_shortest_path\Debug\link.13916.read.1.tlog
c:\Users\adesiraju\documents\visual studio 2012\Projects\K_shortest_path\K_shortest_path\Debug\link.13916.write.1.tlog
c:\Users\adesiraju\documents\visual studio 2012\Projects\K_shortest_path\K_shortest_path\Debug\link.14656-cvtres.read.1.tlog
c:\Users\adesiraju\documents\visual studio 2012\Projects\K_shortest_path\K_shortest_path\Debug\link.14656-cvtres.write.1.tlog
c:\Users\adesiraju\documents\visual studio 2012\Projects\K_shortest_path\K_shortest_path\Debug\link.14656-rc.read.1.tlog
c:\Users\adesiraju\documents\visual studio 2012\Projects\K_shortest_path\K_shortest_path\Debug\link.14656-rc.write.1.tlog
c:\Users\adesiraju\documents\visual studio 2012\Projects\K_shortest_path\K_shortest_path\Debug\link.14656.read.1.tlog
c:\Users\adesiraju\documents\visual studio 2012\Projects\K_shortest_path\K_shortest_path\Debug\link.14656.write.1.tlog
c:\Users\adesiraju\documents\visual studio 2012\Projects\K_shortest_path\K_shortest_path\Debug\link.15560-cvtres.read.1.tlog
c:\Users\adesiraju\documents\visual studio 2012\Projects\K_shortest_path\K_shortest_path\Debug\link.15560-cvtres.write.1.tlog
c:\Users\adesiraju\documents\visual studio 2012\Projects\K_shortest_path\K_shortest_path\Debug\link.15560-rc.read.1.tlog
c:\Users\adesiraju\documents\visual studio 2012\Projects\K_shortest_path\K_shortest_path\Debug\link.15560-rc.write.1.tlog
c:\Users\adesiraju\documents\visual studio 2012\Projects\K_shortest_path\K_shortest_path\Debug\link.15560.read.1.tlog
c:\Users\adesiraju\documents\visual studio 2012\Projects\K_shortest_path\K_shortest_path\Debug\link.15560.write.1.tlog
c:\Users\adesiraju\documents\visual studio 2012\Projects\K_shortest_path\K_shortest_path\Debug\link.18340-cvtres.read.1.tlog
c:\Users\adesiraju\documents\visual studio 2012\Projects\K_shortest_path\K_shortest_path\Debug\link.18340-cvtres.write.1.tlog
c:\Users\adesiraju\documents\visual studio 2012\Projects\K_shortest_path\K_shortest_path\Debug\link.18340-rc.read.1.tlog
c:\Users\adesiraju\documents\visual studio 2012\Projects\K_shortest_path\K_shortest_path\Debug\link.18340-rc.write.1.tlog
c:\Users\adesiraju\documents\visual studio 2012\Projects\K_shortest_path\K_shortest_path\Debug\link.18340.read.1.tlog
c:\Users\adesiraju\documents\visual studio 2012\Projects\K_shortest_path\K_shortest_path\Debug\link.18340.write.1.tlog
c:\Users\adesiraju\documents\visual studio 2012\Projects\K_shortest_path\K_shortest_path\Debug\link.command.1.tlog
c:\Users\adesiraju\documents\visual studio 2012\Projects\K_shortest_path\K_shortest_path\Debug\link.read.1.tlog
c:\Users\adesiraju\documents\visual studio 2012\Projects\K_shortest_path\K_shortest_path\Debug\link.write.1.tlog
c:\Users\adesiraju\documents\visual studio 2012\Projects\K_shortest_path\K_shortest_path\Debug\K_shortest_path.pch
c:\Users\adesiraju\documents\visual studio 2012\Projects\K_shortest_path\K_shortest_path\Debug\vc110.idb
c:\Users\adesiraju\documents\visual studio 2012\Projects\K_shortest_path\K_shortest_path\Debug\vc110.pdb
c:\users\adesiraju\documents\visual studio 2012\Projects\K_shortest_path\Debug\K_shortest_path.pdb
c:\users\adesiraju\documents\visual studio 2012\Projects\K_shortest_path\Debug\K_shortest_path.exe
c:\users\adesiraju\documents\visual studio 2012\Projects\K_shortest_path\Debug\K_shortest_path.ilk
